{"C:\\Users\\This User\\Desktop\\ai-final-project\\server\\src\\services\\quiz.service.js": {"path":"C:\\Users\\This User\\Desktop\\ai-final-project\\server\\src\\services\\quiz.service.js","statementMap":{"0":{"start":{"line":6,"column":19},"end":{"line":6,"column":49}},"1":{"start":{"line":7,"column":18},"end":{"line":7,"column":42}},"2":{"start":{"line":9,"column":19},"end":{"line":9,"column":90}},"3":{"start":{"line":11,"column":19},"end":{"line":11,"column":54}},"4":{"start":{"line":15,"column":21},"end":{"line":15,"column":66}},"5":{"start":{"line":17,"column":2},"end":{"line":21,"column":3}},"6":{"start":{"line":18,"column":4},"end":{"line":18,"column":22}},"7":{"start":{"line":20,"column":4},"end":{"line":20,"column":52}}},"fnMap":{"0":{"name":"generateQuiz","decl":{"start":{"line":13,"column":22},"end":{"line":13,"column":34}},"loc":{"start":{"line":13,"column":41},"end":{"line":22,"column":1}},"line":13}},"branchMap":{},"s":{"0":1,"1":1,"2":1,"3":1,"4":1,"5":1,"6":1,"7":0},"f":{"0":1},"b":{},"_coverageSchema":"1a1c01bbd47fc00a2c39e90264f33305004495a9","hash":"77002cf12ec02ae0a3a9fa85aa30115880d783b0"}
}
