{"C:\\Users\\Eli\\Desktop\\Ester_Studies\\butkemp\\ai-final-project\\server\\src\\services\\gemini.service.js": {"path":"C:\\Users\\Eli\\Desktop\\Ester_Studies\\butkemp\\ai-final-project\\server\\src\\services\\gemini.service.js","statementMap":{"0":{"start":{"line":4,"column":0},"end":{"line":4,"column":16}},"1":{"start":{"line":6,"column":11},"end":{"line":8,"column":2}},"2":{"start":{"line":14,"column":2},"end":{"line":34,"column":3}},"3":{"start":{"line":15,"column":21},"end":{"line":21,"column":6}},"4":{"start":{"line":23,"column":16},"end":{"line":23,"column":29}},"5":{"start":{"line":25,"column":20},"end":{"line":28,"column":13}},"6":{"start":{"line":30,"column":4},"end":{"line":30,"column":31}},"7":{"start":{"line":32,"column":4},"end":{"line":32,"column":40}},"8":{"start":{"line":33,"column":4},"end":{"line":33,"column":58}},"9":{"start":{"line":38,"column":2},"end":{"line":48,"column":3}},"10":{"start":{"line":39,"column":21},"end":{"line":42,"column":6}},"11":{"start":{"line":44,"column":4},"end":{"line":44,"column":25}},"12":{"start":{"line":46,"column":4},"end":{"line":46,"column":50}},"13":{"start":{"line":47,"column":4},"end":{"line":47,"column":61}}},"fnMap":{"0":{"name":"callGeminiAnalyzeText","decl":{"start":{"line":13,"column":22},"end":{"line":13,"column":43}},"loc":{"start":{"line":13,"column":58},"end":{"line":35,"column":1}},"line":13},"1":{"name":"callGeminiRolePlay","decl":{"start":{"line":37,"column":22},"end":{"line":37,"column":40}},"loc":{"start":{"line":37,"column":49},"end":{"line":49,"column":1}},"line":37}},"branchMap":{},"s":{"0":3,"1":3,"2":0,"3":0,"4":0,"5":0,"6":0,"7":0,"8":0,"9":0,"10":0,"11":0,"12":0,"13":0},"f":{"0":0,"1":0},"b":{},"_coverageSchema":"1a1c01bbd47fc00a2c39e90264f33305004495a9","hash":"cc0bc48aa24e4dca51d77756216c27f993f7362b"}
,"C:\\Users\\Eli\\Desktop\\Ester_Studies\\butkemp\\ai-final-project\\server\\src\\services\\quiz.service.js": {"path":"C:\\Users\\Eli\\Desktop\\Ester_Studies\\butkemp\\ai-final-project\\server\\src\\services\\quiz.service.js","statementMap":{"0":{"start":{"line":13,"column":19},"end":{"line":13,"column":95}},"1":{"start":{"line":15,"column":19},"end":{"line":15,"column":54}},"2":{"start":{"line":19,"column":21},"end":{"line":19,"column":66}},"3":{"start":{"line":21,"column":2},"end":{"line":25,"column":3}},"4":{"start":{"line":22,"column":4},"end":{"line":22,"column":22}},"5":{"start":{"line":24,"column":4},"end":{"line":24,"column":52}},"6":{"start":{"line":32,"column":21},"end":{"line":32,"column":91}},"7":{"start":{"line":33,"column":17},"end":{"line":33,"column":52}},"8":{"start":{"line":34,"column":21},"end":{"line":34,"column":62}},"9":{"start":{"line":35,"column":2},"end":{"line":35,"column":20}},"10":{"start":{"line":41,"column":21},"end":{"line":41,"column":86}},"11":{"start":{"line":42,"column":17},"end":{"line":42,"column":52}},"12":{"start":{"line":43,"column":21},"end":{"line":43,"column":62}},"13":{"start":{"line":44,"column":2},"end":{"line":44,"column":20}}},"fnMap":{"0":{"name":"generateQuiz","decl":{"start":{"line":17,"column":22},"end":{"line":17,"column":34}},"loc":{"start":{"line":17,"column":41},"end":{"line":26,"column":1}},"line":17},"1":{"name":"generateMultipleChoiceQuiz","decl":{"start":{"line":30,"column":22},"end":{"line":30,"column":48}},"loc":{"start":{"line":30,"column":55},"end":{"line":36,"column":1}},"line":30},"2":{"name":"generateTrueFalseQuiz","decl":{"start":{"line":39,"column":22},"end":{"line":39,"column":43}},"loc":{"start":{"line":39,"column":50},"end":{"line":45,"column":1}},"line":39}},"branchMap":{},"s":{"0":1,"1":1,"2":2,"3":1,"4":1,"5":0,"6":2,"7":2,"8":2,"9":1,"10":2,"11":2,"12":2,"13":1},"f":{"0":2,"1":2,"2":2},"b":{},"_coverageSchema":"1a1c01bbd47fc00a2c39e90264f33305004495a9","hash":"83339e707c62a15f0bbfa0237f8dfe3cb7575359"}
,"C:\\Users\\Eli\\Desktop\\Ester_Studies\\butkemp\\ai-final-project\\server\\src\\services\\rolePlay.service.js": {"path":"C:\\Users\\Eli\\Desktop\\Ester_Studies\\butkemp\\ai-final-project\\server\\src\\services\\rolePlay.service.js","statementMap":{"0":{"start":{"line":11,"column":20},"end":{"line":11,"column":76}},"1":{"start":{"line":16,"column":17},"end":{"line":16,"column":19}},"2":{"start":{"line":17,"column":2},"end":{"line":19,"column":3}},"3":{"start":{"line":18,"column":4},"end":{"line":18,"column":64}},"4":{"start":{"line":20,"column":16},"end":{"line":20,"column":60}},"5":{"start":{"line":20,"column":40},"end":{"line":20,"column":59}},"6":{"start":{"line":21,"column":2},"end":{"line":22,"column":30}},"7":{"start":{"line":21,"column":18},"end":{"line":21,"column":44}},"8":{"start":{"line":22,"column":7},"end":{"line":22,"column":30}},"9":{"start":{"line":23,"column":2},"end":{"line":23,"column":67}},"10":{"start":{"line":27,"column":2},"end":{"line":27,"column":47}},"11":{"start":{"line":27,"column":35},"end":{"line":27,"column":47}},"12":{"start":{"line":28,"column":19},"end":{"line":28,"column":67}},"13":{"start":{"line":29,"column":2},"end":{"line":29,"column":56}},"14":{"start":{"line":29,"column":28},"end":{"line":29,"column":46}},"15":{"start":{"line":35,"column":21},"end":{"line":35,"column":85}},"16":{"start":{"line":36,"column":25},"end":{"line":36,"column":60}},"17":{"start":{"line":38,"column":21},"end":{"line":38,"column":70}},"18":{"start":{"line":40,"column":24},"end":{"line":54,"column":1}},"19":{"start":{"line":56,"column":22},"end":{"line":56,"column":61}},"20":{"start":{"line":58,"column":25},"end":{"line":61,"column":3}},"21":{"start":{"line":63,"column":18},"end":{"line":68,"column":3}},"22":{"start":{"line":70,"column":2},"end":{"line":70,"column":23}},"23":{"start":{"line":71,"column":2},"end":{"line":71,"column":17}},"24":{"start":{"line":75,"column":18},"end":{"line":75,"column":40}},"25":{"start":{"line":76,"column":2},"end":{"line":76,"column":53}},"26":{"start":{"line":76,"column":16},"end":{"line":76,"column":53}},"27":{"start":{"line":79,"column":2},"end":{"line":79,"column":77}},"28":{"start":{"line":79,"column":26},"end":{"line":79,"column":77}},"29":{"start":{"line":82,"column":28},"end":{"line":82,"column":88}},"30":{"start":{"line":82,"column":54},"end":{"line":82,"column":76}},"31":{"start":{"line":85,"column":17},"end":{"line":107,"column":1}},"32":{"start":{"line":109,"column":22},"end":{"line":109,"column":54}},"33":{"start":{"line":112,"column":2},"end":{"line":112,"column":58}},"34":{"start":{"line":113,"column":2},"end":{"line":113,"column":58}},"35":{"start":{"line":114,"column":2},"end":{"line":114,"column":23}},"36":{"start":{"line":116,"column":2},"end":{"line":116,"column":42}},"37":{"start":{"line":122,"column":18},"end":{"line":122,"column":40}},"38":{"start":{"line":123,"column":2},"end":{"line":123,"column":53}},"39":{"start":{"line":123,"column":16},"end":{"line":123,"column":53}},"40":{"start":{"line":125,"column":27},"end":{"line":125,"column":87}},"41":{"start":{"line":125,"column":53},"end":{"line":125,"column":75}},"42":{"start":{"line":127,"column":25},"end":{"line":144,"column":1}},"43":{"start":{"line":147,"column":22},"end":{"line":147,"column":62}},"44":{"start":{"line":148,"column":26},"end":{"line":148,"column":89}},"45":{"start":{"line":150,"column":2},"end":{"line":150,"column":37}}},"fnMap":{"0":{"name":"saveSession","decl":{"start":{"line":15,"column":9},"end":{"line":15,"column":20}},"loc":{"start":{"line":15,"column":30},"end":{"line":24,"column":1}},"line":15},"1":{"name":"(anonymous_1)","decl":{"start":{"line":20,"column":35},"end":{"line":20,"column":36}},"loc":{"start":{"line":20,"column":40},"end":{"line":20,"column":59}},"line":20},"2":{"name":"loadSession","decl":{"start":{"line":26,"column":9},"end":{"line":26,"column":20}},"loc":{"start":{"line":26,"column":32},"end":{"line":30,"column":1}},"line":26},"3":{"name":"(anonymous_3)","decl":{"start":{"line":29,"column":23},"end":{"line":29,"column":24}},"loc":{"start":{"line":29,"column":28},"end":{"line":29,"column":46}},"line":29},"4":{"name":"startRolePlaySession","decl":{"start":{"line":33,"column":22},"end":{"line":33,"column":42}},"loc":{"start":{"line":33,"column":49},"end":{"line":72,"column":1}},"line":33},"5":{"name":"sendRolePlayReply","decl":{"start":{"line":74,"column":22},"end":{"line":74,"column":39}},"loc":{"start":{"line":74,"column":64},"end":{"line":117,"column":1}},"line":74},"6":{"name":"(anonymous_6)","decl":{"start":{"line":82,"column":49},"end":{"line":82,"column":50}},"loc":{"start":{"line":82,"column":54},"end":{"line":82,"column":76}},"line":82},"7":{"name":"giveUserFeedback","decl":{"start":{"line":121,"column":22},"end":{"line":121,"column":38}},"loc":{"start":{"line":121,"column":50},"end":{"line":151,"column":1}},"line":121},"8":{"name":"(anonymous_8)","decl":{"start":{"line":125,"column":48},"end":{"line":125,"column":49}},"loc":{"start":{"line":125,"column":53},"end":{"line":125,"column":75}},"line":125}},"branchMap":{"0":{"loc":{"start":{"line":17,"column":2},"end":{"line":19,"column":3}},"type":"if","locations":[{"start":{"line":17,"column":2},"end":{"line":19,"column":3}},{"start":{},"end":{}}],"line":17},"1":{"loc":{"start":{"line":21,"column":2},"end":{"line":22,"column":30}},"type":"if","locations":[{"start":{"line":21,"column":2},"end":{"line":22,"column":30}},{"start":{"line":22,"column":7},"end":{"line":22,"column":30}}],"line":21},"2":{"loc":{"start":{"line":27,"column":2},"end":{"line":27,"column":47}},"type":"if","locations":[{"start":{"line":27,"column":2},"end":{"line":27,"column":47}},{"start":{},"end":{}}],"line":27},"3":{"loc":{"start":{"line":29,"column":9},"end":{"line":29,"column":55}},"type":"binary-expr","locations":[{"start":{"line":29,"column":9},"end":{"line":29,"column":47}},{"start":{"line":29,"column":51},"end":{"line":29,"column":55}}],"line":29},"4":{"loc":{"start":{"line":76,"column":2},"end":{"line":76,"column":53}},"type":"if","locations":[{"start":{"line":76,"column":2},"end":{"line":76,"column":53}},{"start":{},"end":{}}],"line":76},"5":{"loc":{"start":{"line":79,"column":2},"end":{"line":79,"column":77}},"type":"if","locations":[{"start":{"line":79,"column":2},"end":{"line":79,"column":77}},{"start":{},"end":{}}],"line":79},"6":{"loc":{"start":{"line":123,"column":2},"end":{"line":123,"column":53}},"type":"if","locations":[{"start":{"line":123,"column":2},"end":{"line":123,"column":53}},{"start":{},"end":{}}],"line":123}},"s":{"0":1,"1":2,"2":2,"3":1,"4":2,"5":1,"6":2,"7":1,"8":1,"9":2,"10":4,"11":0,"12":4,"13":4,"14":2,"15":2,"16":2,"17":2,"18":1,"19":1,"20":1,"21":1,"22":1,"23":1,"24":2,"25":2,"26":1,"27":1,"28":0,"29":1,"30":1,"31":1,"32":1,"33":1,"34":1,"35":1,"36":1,"37":2,"38":2,"39":1,"40":1,"41":2,"42":1,"43":1,"44":1,"45":1},"f":{"0":2,"1":1,"2":4,"3":2,"4":2,"5":2,"6":1,"7":2,"8":2},"b":{"0":[1,1],"1":[1,1],"2":[0,4],"3":[4,2],"4":[1,1],"5":[0,1],"6":[1,1]},"_coverageSchema":"1a1c01bbd47fc00a2c39e90264f33305004495a9","hash":"52bd3f072a746c09f28b2ddf61b00cf5b38e67a1"}
}
