TN:
SF:src\services\gemini.service.js
FN:13,callGeminiAnalyzeText
FN:37,callGeminiRolePlay
FNF:2
FNH:0
FNDA:0,callGeminiAnalyzeText
FNDA:0,callGeminiRolePlay
DA:4,3
DA:6,3
DA:14,0
DA:15,0
DA:23,0
DA:25,0
DA:30,0
DA:32,0
DA:33,0
DA:38,0
DA:39,0
DA:44,0
DA:46,0
DA:47,0
LF:14
LH:2
BRF:0
BRH:0
end_of_record
TN:
SF:src\services\quiz.service.js
FN:17,generateQuiz
FN:30,generateMultipleChoiceQuiz
FN:39,generateTrueFalseQuiz
FNF:3
FNH:3
FNDA:2,generateQuiz
FNDA:2,generateMultipleChoiceQuiz
FNDA:2,generateTrueFalseQuiz
DA:13,1
DA:15,1
DA:19,2
DA:21,1
DA:22,1
DA:24,0
DA:32,2
DA:33,2
DA:34,2
DA:35,1
DA:41,2
DA:42,2
DA:43,2
DA:44,1
LF:14
LH:13
BRF:0
BRH:0
end_of_record
TN:
SF:src\services\rolePlay.service.js
FN:15,saveSession
FN:20,(anonymous_1)
FN:26,loadSession
FN:29,(anonymous_3)
FN:33,startRolePlaySession
FN:74,sendRolePlayReply
FN:82,(anonymous_6)
FN:121,giveUserFeedback
FN:125,(anonymous_8)
FNF:9
FNH:9
FNDA:2,saveSession
FNDA:1,(anonymous_1)
FNDA:4,loadSession
FNDA:2,(anonymous_3)
FNDA:2,startRolePlaySession
FNDA:2,sendRolePlayReply
FNDA:1,(anonymous_6)
FNDA:2,giveUserFeedback
FNDA:2,(anonymous_8)
DA:11,1
DA:16,2
DA:17,2
DA:18,1
DA:20,2
DA:21,2
DA:22,1
DA:23,2
DA:27,4
DA:28,4
DA:29,4
DA:35,2
DA:36,2
DA:38,2
DA:40,1
DA:56,1
DA:58,1
DA:63,1
DA:70,1
DA:71,1
DA:75,2
DA:76,2
DA:79,1
DA:82,1
DA:85,1
DA:109,1
DA:112,1
DA:113,1
DA:114,1
DA:116,1
DA:122,2
DA:123,2
DA:125,2
DA:127,1
DA:147,1
DA:148,1
DA:150,1
LF:37
LH:37
BRDA:17,0,0,1
BRDA:17,0,1,1
BRDA:21,1,0,1
BRDA:21,1,1,1
BRDA:27,2,0,0
BRDA:27,2,1,4
BRDA:29,3,0,4
BRDA:29,3,1,2
BRDA:76,4,0,1
BRDA:76,4,1,1
BRDA:79,5,0,0
BRDA:79,5,1,1
BRDA:123,6,0,1
BRDA:123,6,1,1
BRF:14
BRH:12
end_of_record
