{"C:\\Users\\Eli\\Desktop\\Ester_Studies\\butkemp\\ai-final-project\\client\\src\\App.jsx": {"path":"C:\\Users\\Eli\\Desktop\\Ester_Studies\\butkemp\\ai-final-project\\client\\src\\App.jsx","statementMap":{"0":{"start":{"line":9,"column":2},"end":{"line":19,"column":4}}},"fnMap":{"0":{"name":"App","decl":{"start":{"line":8,"column":24},"end":{"line":8,"column":27}},"loc":{"start":{"line":8,"column":30},"end":{"line":20,"column":1}},"line":8}},"branchMap":{},"s":{"0":0},"f":{"0":0},"b":{}}
,"C:\\Users\\Eli\\Desktop\\Ester_Studies\\butkemp\\ai-final-project\\client\\src\\main.jsx": {"path":"C:\\Users\\Eli\\Desktop\\Ester_Studies\\butkemp\\ai-final-project\\client\\src\\main.jsx","statementMap":{"0":{"start":{"line":6,"column":0},"end":{"line":10,"column":1}}},"fnMap":{},"branchMap":{},"s":{"0":0},"f":{},"b":{}}
,"C:\\Users\\Eli\\Desktop\\Ester_Studies\\butkemp\\ai-final-project\\client\\src\\components\\Button.jsx": {"path":"C:\\Users\\Eli\\Desktop\\Ester_Studies\\butkemp\\ai-final-project\\client\\src\\components\\Button.jsx","statementMap":{"0":{"start":{"line":2,"column":2},"end":{"line":6,"column":4}}},"fnMap":{"0":{"name":"Button","decl":{"start":{"line":1,"column":24},"end":{"line":1,"column":30}},"loc":{"start":{"line":1,"column":64},"end":{"line":7,"column":1}},"line":1}},"branchMap":{},"s":{"0":0},"f":{"0":0},"b":{}}
,"C:\\Users\\Eli\\Desktop\\Ester_Studies\\butkemp\\ai-final-project\\client\\src\\components\\Card.jsx": {"path":"C:\\Users\\Eli\\Desktop\\Ester_Studies\\butkemp\\ai-final-project\\client\\src\\components\\Card.jsx","statementMap":{"0":{"start":{"line":2,"column":2},"end":{"line":2,"column":48}}},"fnMap":{"0":{"name":"Card","decl":{"start":{"line":1,"column":24},"end":{"line":1,"column":28}},"loc":{"start":{"line":1,"column":43},"end":{"line":3,"column":1}},"line":1}},"branchMap":{},"s":{"0":0},"f":{"0":0},"b":{}}
,"C:\\Users\\Eli\\Desktop\\Ester_Studies\\butkemp\\ai-final-project\\client\\src\\components\\Header.jsx": {"path":"C:\\Users\\Eli\\Desktop\\Ester_Studies\\butkemp\\ai-final-project\\client\\src\\components\\Header.jsx","statementMap":{"0":{"start":{"line":2,"column":2},"end":{"line":2,"column":64}}},"fnMap":{"0":{"name":"Header","decl":{"start":{"line":1,"column":16},"end":{"line":1,"column":22}},"loc":{"start":{"line":1,"column":25},"end":{"line":3,"column":1}},"line":1}},"branchMap":{},"s":{"0":0},"f":{"0":0},"b":{}}
,"C:\\Users\\Eli\\Desktop\\Ester_Studies\\butkemp\\ai-final-project\\client\\src\\components\\Loader.jsx": {"path":"C:\\Users\\Eli\\Desktop\\Ester_Studies\\butkemp\\ai-final-project\\client\\src\\components\\Loader.jsx","statementMap":{"0":{"start":{"line":3,"column":2},"end":{"line":3,"column":46}}},"fnMap":{"0":{"name":"Loader","decl":{"start":{"line":2,"column":24},"end":{"line":2,"column":30}},"loc":{"start":{"line":2,"column":33},"end":{"line":4,"column":1}},"line":2}},"branchMap":{},"s":{"0":0},"f":{"0":0},"b":{}}
,"C:\\Users\\Eli\\Desktop\\Ester_Studies\\butkemp\\ai-final-project\\client\\src\\components\\PageContainer.jsx": {"path":"C:\\Users\\Eli\\Desktop\\Ester_Studies\\butkemp\\ai-final-project\\client\\src\\components\\PageContainer.jsx","statementMap":{"0":{"start":{"line":3,"column":2},"end":{"line":3,"column":53}}},"fnMap":{"0":{"name":"PageContainer","decl":{"start":{"line":2,"column":16},"end":{"line":2,"column":29}},"loc":{"start":{"line":2,"column":44},"end":{"line":4,"column":1}},"line":2}},"branchMap":{},"s":{"0":0},"f":{"0":0},"b":{}}
,"C:\\Users\\Eli\\Desktop\\Ester_Studies\\butkemp\\ai-final-project\\client\\src\\components\\Question.jsx": {"path":"C:\\Users\\Eli\\Desktop\\Ester_Studies\\butkemp\\ai-final-project\\client\\src\\components\\Question.jsx","statementMap":{"0":{"start":{"line":2,"column":2},"end":{"line":2,"column":29}},"1":{"start":{"line":2,"column":17},"end":{"line":2,"column":29}},"2":{"start":{"line":4,"column":2},"end":{"line":22,"column":4}},"3":{"start":{"line":9,"column":8},"end":{"line":19,"column":16}},"4":{"start":{"line":15,"column":28},"end":{"line":15,"column":44}}},"fnMap":{"0":{"name":"Question","decl":{"start":{"line":1,"column":24},"end":{"line":1,"column":32}},"loc":{"start":{"line":1,"column":73},"end":{"line":23,"column":1}},"line":1},"1":{"name":"(anonymous_1)","decl":{"start":{"line":8,"column":28},"end":{"line":8,"column":29}},"loc":{"start":{"line":9,"column":8},"end":{"line":19,"column":16}},"line":9},"2":{"name":"(anonymous_2)","decl":{"start":{"line":15,"column":22},"end":{"line":15,"column":23}},"loc":{"start":{"line":15,"column":28},"end":{"line":15,"column":44}},"line":15}},"branchMap":{"0":{"loc":{"start":{"line":2,"column":2},"end":{"line":2,"column":29}},"type":"if","locations":[{"start":{"line":2,"column":2},"end":{"line":2,"column":29}},{"start":{},"end":{}}],"line":2}},"s":{"0":0,"1":0,"2":0,"3":0,"4":0},"f":{"0":0,"1":0,"2":0},"b":{"0":[0,0]}}
,"C:\\Users\\Eli\\Desktop\\Ester_Studies\\butkemp\\ai-final-project\\client\\src\\components\\QuizList.jsx": {"path":"C:\\Users\\Eli\\Desktop\\Ester_Studies\\butkemp\\ai-final-project\\client\\src\\components\\QuizList.jsx","statementMap":{"0":{"start":{"line":4,"column":2},"end":{"line":6,"column":5}},"1":{"start":{"line":5,"column":4},"end":{"line":5,"column":64}}},"fnMap":{"0":{"name":"QuizList","decl":{"start":{"line":3,"column":24},"end":{"line":3,"column":32}},"loc":{"start":{"line":3,"column":58},"end":{"line":7,"column":1}},"line":3},"1":{"name":"(anonymous_1)","decl":{"start":{"line":4,"column":23},"end":{"line":4,"column":24}},"loc":{"start":{"line":5,"column":4},"end":{"line":5,"column":64}},"line":5}},"branchMap":{},"s":{"0":0,"1":0},"f":{"0":0,"1":0},"b":{}}
,"C:\\Users\\Eli\\Desktop\\Ester_Studies\\butkemp\\ai-final-project\\client\\src\\components\\QuizProgress.jsx": {"path":"C:\\Users\\Eli\\Desktop\\Ester_Studies\\butkemp\\ai-final-project\\client\\src\\components\\QuizProgress.jsx","statementMap":{"0":{"start":{"line":2,"column":2},"end":{"line":6,"column":4}}},"fnMap":{"0":{"name":"QuizProgress","decl":{"start":{"line":1,"column":24},"end":{"line":1,"column":36}},"loc":{"start":{"line":1,"column":57},"end":{"line":7,"column":1}},"line":1}},"branchMap":{},"s":{"0":0},"f":{"0":0},"b":{}}
,"C:\\Users\\Eli\\Desktop\\Ester_Studies\\butkemp\\ai-final-project\\client\\src\\components\\QuizQuestion.jsx": {"path":"C:\\Users\\Eli\\Desktop\\Ester_Studies\\butkemp\\ai-final-project\\client\\src\\components\\QuizQuestion.jsx","statementMap":{"0":{"start":{"line":2,"column":2},"end":{"line":17,"column":4}},"1":{"start":{"line":7,"column":8},"end":{"line":14,"column":16}},"2":{"start":{"line":11,"column":28},"end":{"line":11,"column":54}}},"fnMap":{"0":{"name":"QuizQuestion","decl":{"start":{"line":1,"column":24},"end":{"line":1,"column":36}},"loc":{"start":{"line":1,"column":61},"end":{"line":18,"column":1}},"line":1},"1":{"name":"(anonymous_1)","decl":{"start":{"line":6,"column":28},"end":{"line":6,"column":29}},"loc":{"start":{"line":7,"column":8},"end":{"line":14,"column":16}},"line":7},"2":{"name":"(anonymous_2)","decl":{"start":{"line":11,"column":22},"end":{"line":11,"column":23}},"loc":{"start":{"line":11,"column":28},"end":{"line":11,"column":54}},"line":11}},"branchMap":{},"s":{"0":0,"1":0,"2":0},"f":{"0":0,"1":0,"2":0},"b":{}}
,"C:\\Users\\Eli\\Desktop\\Ester_Studies\\butkemp\\ai-final-project\\client\\src\\components\\QuizResult.jsx": {"path":"C:\\Users\\Eli\\Desktop\\Ester_Studies\\butkemp\\ai-final-project\\client\\src\\components\\QuizResult.jsx","statementMap":{"0":{"start":{"line":2,"column":2},"end":{"line":12,"column":4}},"1":{"start":{"line":7,"column":8},"end":{"line":9,"column":12}}},"fnMap":{"0":{"name":"QuizResult","decl":{"start":{"line":1,"column":24},"end":{"line":1,"column":34}},"loc":{"start":{"line":1,"column":47},"end":{"line":13,"column":1}},"line":1},"1":{"name":"(anonymous_1)","decl":{"start":{"line":6,"column":26},"end":{"line":6,"column":27}},"loc":{"start":{"line":7,"column":8},"end":{"line":9,"column":12}},"line":7}},"branchMap":{"0":{"loc":{"start":{"line":7,"column":33},"end":{"line":7,"column":64}},"type":"cond-expr","locations":[{"start":{"line":7,"column":45},"end":{"line":7,"column":54}},{"start":{"line":7,"column":57},"end":{"line":7,"column":64}}],"line":7},"1":{"loc":{"start":{"line":8,"column":11},"end":{"line":8,"column":32}},"type":"cond-expr","locations":[{"start":{"line":8,"column":23},"end":{"line":8,"column":26}},{"start":{"line":8,"column":29},"end":{"line":8,"column":32}}],"line":8}},"s":{"0":0,"1":0},"f":{"0":0,"1":0},"b":{"0":[0,0],"1":[0,0]}}
,"C:\\Users\\Eli\\Desktop\\Ester_Studies\\butkemp\\ai-final-project\\client\\src\\components\\Textarea.jsx": {"path":"C:\\Users\\Eli\\Desktop\\Ester_Studies\\butkemp\\ai-final-project\\client\\src\\components\\Textarea.jsx","statementMap":{"0":{"start":{"line":3,"column":2},"end":{"line":10,"column":4}},"1":{"start":{"line":6,"column":23},"end":{"line":6,"column":47}}},"fnMap":{"0":{"name":"Textarea","decl":{"start":{"line":2,"column":24},"end":{"line":2,"column":32}},"loc":{"start":{"line":2,"column":54},"end":{"line":11,"column":1}},"line":2},"1":{"name":"(anonymous_1)","decl":{"start":{"line":6,"column":16},"end":{"line":6,"column":17}},"loc":{"start":{"line":6,"column":23},"end":{"line":6,"column":47}},"line":6}},"branchMap":{},"s":{"0":0,"1":0},"f":{"0":0,"1":0},"b":{}}
,"C:\\Users\\Eli\\Desktop\\Ester_Studies\\butkemp\\ai-final-project\\client\\src\\pages\\HomePage.jsx": {"path":"C:\\Users\\Eli\\Desktop\\Ester_Studies\\butkemp\\ai-final-project\\client\\src\\pages\\HomePage.jsx","statementMap":{"0":{"start":{"line":11,"column":26},"end":{"line":11,"column":81}},"1":{"start":{"line":11,"column":41},"end":{"line":11,"column":80}},"2":{"start":{"line":12,"column":32},"end":{"line":12,"column":47}},"3":{"start":{"line":13,"column":19},"end":{"line":13,"column":32}},"4":{"start":{"line":14,"column":28},"end":{"line":14,"column":40}},"5":{"start":{"line":17,"column":23},"end":{"line":21,"column":3}},"6":{"start":{"line":18,"column":4},"end":{"line":18,"column":21}},"7":{"start":{"line":19,"column":4},"end":{"line":19,"column":47}},"8":{"start":{"line":20,"column":4},"end":{"line":20,"column":17}},"9":{"start":{"line":24,"column":26},"end":{"line":46,"column":3}},"10":{"start":{"line":25,"column":4},"end":{"line":28,"column":5}},"11":{"start":{"line":26,"column":6},"end":{"line":26,"column":40}},"12":{"start":{"line":27,"column":6},"end":{"line":27,"column":13}},"13":{"start":{"line":30,"column":4},"end":{"line":30,"column":21}},"14":{"start":{"line":31,"column":4},"end":{"line":31,"column":17}},"15":{"start":{"line":32,"column":4},"end":{"line":45,"column":5}},"16":{"start":{"line":33,"column":19},"end":{"line":33,"column":52}},"17":{"start":{"line":35,"column":6},"end":{"line":39,"column":7}},"18":{"start":{"line":36,"column":8},"end":{"line":36,"column":57}},"19":{"start":{"line":37,"column":13},"end":{"line":39,"column":7}},"20":{"start":{"line":38,"column":8},"end":{"line":38,"column":68}},"21":{"start":{"line":41,"column":6},"end":{"line":41,"column":55}},"22":{"start":{"line":42,"column":6},"end":{"line":42,"column":60}},"23":{"start":{"line":44,"column":6},"end":{"line":44,"column":24}},"24":{"start":{"line":48,"column":26},"end":{"line":65,"column":3}},"25":{"start":{"line":49,"column":4},"end":{"line":52,"column":5}},"26":{"start":{"line":50,"column":6},"end":{"line":50,"column":40}},"27":{"start":{"line":51,"column":6},"end":{"line":51,"column":13}},"28":{"start":{"line":54,"column":4},"end":{"line":54,"column":21}},"29":{"start":{"line":55,"column":4},"end":{"line":55,"column":17}},"30":{"start":{"line":56,"column":4},"end":{"line":64,"column":5}},"31":{"start":{"line":57,"column":22},"end":{"line":57,"column":47}},"32":{"start":{"line":58,"column":6},"end":{"line":58,"column":53}},"33":{"start":{"line":60,"column":6},"end":{"line":60,"column":55}},"34":{"start":{"line":61,"column":6},"end":{"line":61,"column":63}},"35":{"start":{"line":63,"column":6},"end":{"line":63,"column":24}},"36":{"start":{"line":68,"column":26},"end":{"line":71,"column":3}},"37":{"start":{"line":69,"column":4},"end":{"line":69,"column":16}},"38":{"start":{"line":70,"column":4},"end":{"line":70,"column":41}},"39":{"start":{"line":73,"column":2},"end":{"line":108,"column":4}},"40":{"start":{"line":90,"column":31},"end":{"line":90,"column":65}},"41":{"start":{"line":93,"column":31},"end":{"line":93,"column":60}}},"fnMap":{"0":{"name":"HomePage","decl":{"start":{"line":10,"column":24},"end":{"line":10,"column":32}},"loc":{"start":{"line":10,"column":35},"end":{"line":109,"column":1}},"line":10},"1":{"name":"(anonymous_1)","decl":{"start":{"line":11,"column":35},"end":{"line":11,"column":36}},"loc":{"start":{"line":11,"column":41},"end":{"line":11,"column":80}},"line":11},"2":{"name":"(anonymous_2)","decl":{"start":{"line":17,"column":23},"end":{"line":17,"column":24}},"loc":{"start":{"line":17,"column":36},"end":{"line":21,"column":3}},"line":17},"3":{"name":"(anonymous_3)","decl":{"start":{"line":24,"column":26},"end":{"line":24,"column":27}},"loc":{"start":{"line":24,"column":46},"end":{"line":46,"column":3}},"line":24},"4":{"name":"(anonymous_4)","decl":{"start":{"line":48,"column":26},"end":{"line":48,"column":27}},"loc":{"start":{"line":48,"column":38},"end":{"line":65,"column":3}},"line":48},"5":{"name":"(anonymous_5)","decl":{"start":{"line":68,"column":26},"end":{"line":68,"column":27}},"loc":{"start":{"line":68,"column":32},"end":{"line":71,"column":3}},"line":68},"6":{"name":"(anonymous_6)","decl":{"start":{"line":90,"column":25},"end":{"line":90,"column":26}},"loc":{"start":{"line":90,"column":31},"end":{"line":90,"column":65}},"line":90},"7":{"name":"(anonymous_7)","decl":{"start":{"line":93,"column":25},"end":{"line":93,"column":26}},"loc":{"start":{"line":93,"column":31},"end":{"line":93,"column":60}},"line":93}},"branchMap":{"0":{"loc":{"start":{"line":11,"column":41},"end":{"line":11,"column":80}},"type":"binary-expr","locations":[{"start":{"line":11,"column":41},"end":{"line":11,"column":74}},{"start":{"line":11,"column":78},"end":{"line":11,"column":80}}],"line":11},"1":{"loc":{"start":{"line":25,"column":4},"end":{"line":28,"column":5}},"type":"if","locations":[{"start":{"line":25,"column":4},"end":{"line":28,"column":5}},{"start":{},"end":{}}],"line":25},"2":{"loc":{"start":{"line":35,"column":6},"end":{"line":39,"column":7}},"type":"if","locations":[{"start":{"line":35,"column":6},"end":{"line":39,"column":7}},{"start":{"line":37,"column":13},"end":{"line":39,"column":7}}],"line":35},"3":{"loc":{"start":{"line":37,"column":13},"end":{"line":39,"column":7}},"type":"if","locations":[{"start":{"line":37,"column":13},"end":{"line":39,"column":7}},{"start":{},"end":{}}],"line":37},"4":{"loc":{"start":{"line":49,"column":4},"end":{"line":52,"column":5}},"type":"if","locations":[{"start":{"line":49,"column":4},"end":{"line":52,"column":5}},{"start":{},"end":{}}],"line":49},"5":{"loc":{"start":{"line":78,"column":7},"end":{"line":87,"column":7}},"type":"cond-expr","locations":[{"start":{"line":79,"column":8},"end":{"line":84,"column":14}},{"start":{"line":86,"column":8},"end":{"line":86,"column":57}}],"line":78},"6":{"loc":{"start":{"line":101,"column":7},"end":{"line":105,"column":14}},"type":"cond-expr","locations":[{"start":{"line":102,"column":8},"end":{"line":102,"column":18}},{"start":{"line":103,"column":10},"end":{"line":105,"column":14}}],"line":101},"7":{"loc":{"start":{"line":103,"column":10},"end":{"line":105,"column":14}},"type":"cond-expr","locations":[{"start":{"line":104,"column":8},"end":{"line":104,"column":48}},{"start":{"line":105,"column":10},"end":{"line":105,"column":14}}],"line":103}},"s":{"0":18,"1":7,"2":18,"3":18,"4":18,"5":18,"6":3,"7":3,"8":3,"9":18,"10":3,"11":1,"12":1,"13":2,"14":2,"15":2,"16":2,"17":1,"18":1,"19":0,"20":0,"21":1,"22":1,"23":2,"24":18,"25":1,"26":0,"27":0,"28":1,"29":1,"30":1,"31":1,"32":1,"33":0,"34":0,"35":1,"36":18,"37":1,"38":1,"39":18,"40":3,"41":0},"f":{"0":18,"1":7,"2":3,"3":3,"4":1,"5":1,"6":3,"7":0},"b":{"0":[7,5],"1":[1,2],"2":[1,0],"3":[0,0],"4":[0,1],"5":[11,7],"6":[3,15],"7":[2,13]},"_coverageSchema":"1a1c01bbd47fc00a2c39e90264f33305004495a9","hash":"95823ad0f7885fb562a7f59bffd0de46de194c4b"}
,"C:\\Users\\Eli\\Desktop\\Ester_Studies\\butkemp\\ai-final-project\\client\\src\\pages\\QuizPage.jsx": {"path":"C:\\Users\\Eli\\Desktop\\Ester_Studies\\butkemp\\ai-final-project\\client\\src\\pages\\QuizPage.jsx","statementMap":{"0":{"start":{"line":8,"column":19},"end":{"line":8,"column":32}},"1":{"start":{"line":9,"column":19},"end":{"line":9,"column":32}},"2":{"start":{"line":10,"column":19},"end":{"line":10,"column":43}},"3":{"start":{"line":12,"column":32},"end":{"line":12,"column":44}},"4":{"start":{"line":13,"column":36},"end":{"line":13,"column":51}},"5":{"start":{"line":14,"column":28},"end":{"line":14,"column":39}},"6":{"start":{"line":15,"column":32},"end":{"line":15,"column":44}},"7":{"start":{"line":17,"column":2},"end":{"line":24,"column":3}},"8":{"start":{"line":18,"column":4},"end":{"line":23,"column":6}},"9":{"start":{"line":21,"column":31},"end":{"line":21,"column":44}},"10":{"start":{"line":26,"column":27},"end":{"line":37,"column":3}},"11":{"start":{"line":27,"column":26},"end":{"line":27,"column":27}},"12":{"start":{"line":29,"column":4},"end":{"line":33,"column":7}},"13":{"start":{"line":30,"column":6},"end":{"line":32,"column":7}},"14":{"start":{"line":31,"column":8},"end":{"line":31,"column":26}},"15":{"start":{"line":35,"column":4},"end":{"line":35,"column":30}},"16":{"start":{"line":36,"column":4},"end":{"line":36,"column":23}},"17":{"start":{"line":39,"column":28},"end":{"line":51,"column":3}},"18":{"start":{"line":40,"column":24},"end":{"line":42,"column":5}},"19":{"start":{"line":41,"column":13},"end":{"line":41,"column":40}},"20":{"start":{"line":44,"column":4},"end":{"line":47,"column":5}},"21":{"start":{"line":45,"column":6},"end":{"line":45,"column":47}},"22":{"start":{"line":46,"column":6},"end":{"line":46,"column":13}},"23":{"start":{"line":49,"column":4},"end":{"line":49,"column":19}},"24":{"start":{"line":50,"column":4},"end":{"line":50,"column":23}},"25":{"start":{"line":53,"column":2},"end":{"line":114,"column":4}},"26":{"start":{"line":59,"column":28},"end":{"line":59,"column":43}},"27":{"start":{"line":60,"column":8},"end":{"line":65,"column":9}},"28":{"start":{"line":61,"column":10},"end":{"line":64,"column":29}},"29":{"start":{"line":67,"column":8},"end":{"line":98,"column":10}},"30":{"start":{"line":73,"column":34},"end":{"line":73,"column":48}},"31":{"start":{"line":75,"column":16},"end":{"line":78,"column":17}},"32":{"start":{"line":76,"column":18},"end":{"line":77,"column":84}},"33":{"start":{"line":76,"column":51},"end":{"line":76,"column":84}},"34":{"start":{"line":77,"column":23},"end":{"line":77,"column":84}},"35":{"start":{"line":77,"column":53},"end":{"line":77,"column":84}},"36":{"start":{"line":80,"column":16},"end":{"line":94,"column":18}},"37":{"start":{"line":88,"column":24},"end":{"line":88,"column":75}},"38":{"start":{"line":88,"column":46},"end":{"line":88,"column":73}},"39":{"start":{"line":110,"column":33},"end":{"line":110,"column":46}}},"fnMap":{"0":{"name":"QuizPage","decl":{"start":{"line":7,"column":24},"end":{"line":7,"column":32}},"loc":{"start":{"line":7,"column":35},"end":{"line":115,"column":1}},"line":7},"1":{"name":"(anonymous_1)","decl":{"start":{"line":21,"column":25},"end":{"line":21,"column":26}},"loc":{"start":{"line":21,"column":31},"end":{"line":21,"column":44}},"line":21},"2":{"name":"(anonymous_2)","decl":{"start":{"line":26,"column":27},"end":{"line":26,"column":28}},"loc":{"start":{"line":26,"column":33},"end":{"line":37,"column":3}},"line":26},"3":{"name":"(anonymous_3)","decl":{"start":{"line":29,"column":36},"end":{"line":29,"column":37}},"loc":{"start":{"line":29,"column":43},"end":{"line":33,"column":5}},"line":29},"4":{"name":"(anonymous_4)","decl":{"start":{"line":39,"column":28},"end":{"line":39,"column":29}},"loc":{"start":{"line":39,"column":34},"end":{"line":51,"column":3}},"line":39},"5":{"name":"(anonymous_5)","decl":{"start":{"line":41,"column":6},"end":{"line":41,"column":7}},"loc":{"start":{"line":41,"column":13},"end":{"line":41,"column":40}},"line":41},"6":{"name":"(anonymous_6)","decl":{"start":{"line":58,"column":35},"end":{"line":58,"column":36}},"loc":{"start":{"line":58,"column":42},"end":{"line":99,"column":7}},"line":58},"7":{"name":"(anonymous_7)","decl":{"start":{"line":72,"column":29},"end":{"line":72,"column":30}},"loc":{"start":{"line":72,"column":46},"end":{"line":95,"column":15}},"line":72},"8":{"name":"(anonymous_8)","decl":{"start":{"line":87,"column":32},"end":{"line":87,"column":33}},"loc":{"start":{"line":88,"column":24},"end":{"line":88,"column":75}},"line":88},"9":{"name":"(anonymous_9)","decl":{"start":{"line":88,"column":35},"end":{"line":88,"column":36}},"loc":{"start":{"line":88,"column":46},"end":{"line":88,"column":73}},"line":88},"10":{"name":"(anonymous_10)","decl":{"start":{"line":110,"column":27},"end":{"line":110,"column":28}},"loc":{"start":{"line":110,"column":33},"end":{"line":110,"column":46}},"line":110}},"branchMap":{"0":{"loc":{"start":{"line":17,"column":2},"end":{"line":24,"column":3}},"type":"if","locations":[{"start":{"line":17,"column":2},"end":{"line":24,"column":3}},{"start":{},"end":{}}],"line":17},"1":{"loc":{"start":{"line":30,"column":6},"end":{"line":32,"column":7}},"type":"if","locations":[{"start":{"line":30,"column":6},"end":{"line":32,"column":7}},{"start":{},"end":{}}],"line":30},"2":{"loc":{"start":{"line":44,"column":4},"end":{"line":47,"column":5}},"type":"if","locations":[{"start":{"line":44,"column":4},"end":{"line":47,"column":5}},{"start":{},"end":{}}],"line":44},"3":{"loc":{"start":{"line":60,"column":8},"end":{"line":65,"column":9}},"type":"if","locations":[{"start":{"line":60,"column":8},"end":{"line":65,"column":9}},{"start":{},"end":{}}],"line":60},"4":{"loc":{"start":{"line":62,"column":12},"end":{"line":64,"column":28}},"type":"cond-expr","locations":[{"start":{"line":63,"column":16},"end":{"line":63,"column":26}},{"start":{"line":64,"column":16},"end":{"line":64,"column":28}}],"line":62},"5":{"loc":{"start":{"line":75,"column":16},"end":{"line":78,"column":17}},"type":"if","locations":[{"start":{"line":75,"column":16},"end":{"line":78,"column":17}},{"start":{},"end":{}}],"line":75},"6":{"loc":{"start":{"line":76,"column":18},"end":{"line":77,"column":84}},"type":"if","locations":[{"start":{"line":76,"column":18},"end":{"line":77,"column":84}},{"start":{"line":77,"column":23},"end":{"line":77,"column":84}}],"line":76},"7":{"loc":{"start":{"line":77,"column":23},"end":{"line":77,"column":84}},"type":"if","locations":[{"start":{"line":77,"column":23},"end":{"line":77,"column":84}},{"start":{},"end":{}}],"line":77},"8":{"loc":{"start":{"line":101,"column":7},"end":{"line":101,"column":63}},"type":"binary-expr","locations":[{"start":{"line":101,"column":7},"end":{"line":101,"column":14}},{"start":{"line":101,"column":18},"end":{"line":101,"column":63}}],"line":101},"9":{"loc":{"start":{"line":103,"column":7},"end":{"line":112,"column":7}},"type":"cond-expr","locations":[{"start":{"line":104,"column":8},"end":{"line":104,"column":64}},{"start":{"line":106,"column":8},"end":{"line":111,"column":14}}],"line":103}},"s":{"0":16,"1":16,"2":16,"3":16,"4":16,"5":16,"6":16,"7":16,"8":1,"9":1,"10":15,"11":3,"12":3,"13":6,"14":5,"15":3,"16":3,"17":15,"18":4,"19":7,"20":4,"21":1,"22":1,"23":3,"24":3,"25":15,"26":30,"27":30,"28":6,"29":30,"30":90,"31":90,"32":18,"33":6,"34":12,"35":1,"36":90,"37":6,"38":6,"39":1},"f":{"0":16,"1":1,"2":3,"3":6,"4":4,"5":7,"6":30,"7":90,"8":6,"9":6,"10":1},"b":{"0":[1,15],"1":[5,1],"2":[1,3],"3":[6,24],"4":[5,1],"5":[18,72],"6":[6,12],"7":[1,11],"8":[15,1],"9":[12,3]},"_coverageSchema":"1a1c01bbd47fc00a2c39e90264f33305004495a9","hash":"8e07238f7dc3d52958849a1fc4a2d653feb1373e"}
,"C:\\Users\\Eli\\Desktop\\Ester_Studies\\butkemp\\ai-final-project\\client\\src\\pages\\ResultPage.jsx": {"path":"C:\\Users\\Eli\\Desktop\\Ester_Studies\\butkemp\\ai-final-project\\client\\src\\pages\\ResultPage.jsx","statementMap":{"0":{"start":{"line":4,"column":20},"end":{"line":4,"column":33}},"1":{"start":{"line":6,"column":2},"end":{"line":11,"column":4}}},"fnMap":{"0":{"name":"ResultPage","decl":{"start":{"line":3,"column":24},"end":{"line":3,"column":34}},"loc":{"start":{"line":3,"column":37},"end":{"line":12,"column":1}},"line":3}},"branchMap":{},"s":{"0":0,"1":0},"f":{"0":0},"b":{}}
,"C:\\Users\\Eli\\Desktop\\Ester_Studies\\butkemp\\ai-final-project\\client\\src\\pages\\RolePlayPage.jsx": {"path":"C:\\Users\\Eli\\Desktop\\Ester_Studies\\butkemp\\ai-final-project\\client\\src\\pages\\RolePlayPage.jsx","statementMap":{"0":{"start":{"line":12,"column":21},"end":{"line":12,"column":34}},"1":{"start":{"line":13,"column":21},"end":{"line":13,"column":34}},"2":{"start":{"line":14,"column":24},"end":{"line":14,"column":44}},"3":{"start":{"line":16,"column":23},"end":{"line":16,"column":48}},"4":{"start":{"line":18,"column":36},"end":{"line":21,"column":6}},"5":{"start":{"line":19,"column":22},"end":{"line":19,"column":54}},"6":{"start":{"line":20,"column":8},"end":{"line":20,"column":125}},"7":{"start":{"line":23,"column":30},"end":{"line":23,"column":42}},"8":{"start":{"line":24,"column":34},"end":{"line":24,"column":49}},"9":{"start":{"line":25,"column":32},"end":{"line":25,"column":47}},"10":{"start":{"line":26,"column":36},"end":{"line":26,"column":50}},"11":{"start":{"line":27,"column":50},"end":{"line":27,"column":65}},"12":{"start":{"line":29,"column":27},"end":{"line":29,"column":39}},"13":{"start":{"line":32,"column":4},"end":{"line":35,"column":19}},"14":{"start":{"line":33,"column":8},"end":{"line":33,"column":67}},"15":{"start":{"line":34,"column":8},"end":{"line":34,"column":71}},"16":{"start":{"line":37,"column":23},"end":{"line":61,"column":5}},"17":{"start":{"line":38,"column":8},"end":{"line":38,"column":34}},"18":{"start":{"line":38,"column":27},"end":{"line":38,"column":34}},"19":{"start":{"line":39,"column":8},"end":{"line":39,"column":25}},"20":{"start":{"line":40,"column":8},"end":{"line":40,"column":24}},"21":{"start":{"line":42,"column":8},"end":{"line":60,"column":9}},"22":{"start":{"line":43,"column":32},"end":{"line":43,"column":58}},"23":{"start":{"line":44,"column":12},"end":{"line":44,"column":58}},"24":{"start":{"line":44,"column":34},"end":{"line":44,"column":56}},"25":{"start":{"line":45,"column":12},"end":{"line":45,"column":25}},"26":{"start":{"line":47,"column":26},"end":{"line":47,"column":81}},"27":{"start":{"line":49,"column":12},"end":{"line":52,"column":13}},"28":{"start":{"line":50,"column":30},"end":{"line":50,"column":50}},"29":{"start":{"line":51,"column":16},"end":{"line":51,"column":29}},"30":{"start":{"line":54,"column":12},"end":{"line":54,"column":52}},"31":{"start":{"line":54,"column":34},"end":{"line":54,"column":50}},"32":{"start":{"line":56,"column":12},"end":{"line":56,"column":31}},"33":{"start":{"line":58,"column":12},"end":{"line":58,"column":30}},"34":{"start":{"line":59,"column":12},"end":{"line":59,"column":29}},"35":{"start":{"line":63,"column":27},"end":{"line":66,"column":5}},"36":{"start":{"line":64,"column":8},"end":{"line":64,"column":44}},"37":{"start":{"line":65,"column":8},"end":{"line":65,"column":22}},"38":{"start":{"line":68,"column":30},"end":{"line":80,"column":5}},"39":{"start":{"line":69,"column":8},"end":{"line":69,"column":33}},"40":{"start":{"line":69,"column":26},"end":{"line":69,"column":33}},"41":{"start":{"line":70,"column":8},"end":{"line":70,"column":33}},"42":{"start":{"line":71,"column":8},"end":{"line":79,"column":9}},"43":{"start":{"line":72,"column":25},"end":{"line":72,"column":62}},"44":{"start":{"line":73,"column":12},"end":{"line":73,"column":30}},"45":{"start":{"line":75,"column":12},"end":{"line":75,"column":59}},"46":{"start":{"line":76,"column":12},"end":{"line":76,"column":61}},"47":{"start":{"line":78,"column":12},"end":{"line":78,"column":38}},"48":{"start":{"line":82,"column":36},"end":{"line":86,"column":5}},"49":{"start":{"line":83,"column":8},"end":{"line":83,"column":24}},"50":{"start":{"line":84,"column":8},"end":{"line":84,"column":34}},"51":{"start":{"line":85,"column":8},"end":{"line":85,"column":44}},"52":{"start":{"line":88,"column":24},"end":{"line":91,"column":5}},"53":{"start":{"line":89,"column":8},"end":{"line":89,"column":41}},"54":{"start":{"line":89,"column":29},"end":{"line":89,"column":41}},"55":{"start":{"line":90,"column":8},"end":{"line":90,"column":64}},"56":{"start":{"line":93,"column":4},"end":{"line":165,"column":6}},"57":{"start":{"line":100,"column":20},"end":{"line":109,"column":26}},"58":{"start":{"line":127,"column":37},"end":{"line":127,"column":61}},"59":{"start":{"line":129,"column":24},"end":{"line":132,"column":25}},"60":{"start":{"line":130,"column":28},"end":{"line":130,"column":47}},"61":{"start":{"line":131,"column":28},"end":{"line":131,"column":41}}},"fnMap":{"0":{"name":"RolePlayPage","decl":{"start":{"line":11,"column":24},"end":{"line":11,"column":36}},"loc":{"start":{"line":11,"column":39},"end":{"line":166,"column":1}},"line":11},"1":{"name":"(anonymous_1)","decl":{"start":{"line":18,"column":45},"end":{"line":18,"column":46}},"loc":{"start":{"line":18,"column":51},"end":{"line":21,"column":5}},"line":18},"2":{"name":"(anonymous_2)","decl":{"start":{"line":32,"column":14},"end":{"line":32,"column":15}},"loc":{"start":{"line":32,"column":20},"end":{"line":35,"column":5}},"line":32},"3":{"name":"(anonymous_3)","decl":{"start":{"line":37,"column":23},"end":{"line":37,"column":24}},"loc":{"start":{"line":37,"column":35},"end":{"line":61,"column":5}},"line":37},"4":{"name":"(anonymous_4)","decl":{"start":{"line":44,"column":24},"end":{"line":44,"column":25}},"loc":{"start":{"line":44,"column":34},"end":{"line":44,"column":56}},"line":44},"5":{"name":"(anonymous_5)","decl":{"start":{"line":54,"column":24},"end":{"line":54,"column":25}},"loc":{"start":{"line":54,"column":34},"end":{"line":54,"column":50}},"line":54},"6":{"name":"(anonymous_6)","decl":{"start":{"line":63,"column":27},"end":{"line":63,"column":28}},"loc":{"start":{"line":63,"column":33},"end":{"line":66,"column":5}},"line":63},"7":{"name":"(anonymous_7)","decl":{"start":{"line":68,"column":30},"end":{"line":68,"column":31}},"loc":{"start":{"line":68,"column":42},"end":{"line":80,"column":5}},"line":68},"8":{"name":"(anonymous_8)","decl":{"start":{"line":82,"column":36},"end":{"line":82,"column":37}},"loc":{"start":{"line":82,"column":42},"end":{"line":86,"column":5}},"line":82},"9":{"name":"(anonymous_9)","decl":{"start":{"line":88,"column":24},"end":{"line":88,"column":25}},"loc":{"start":{"line":88,"column":34},"end":{"line":91,"column":5}},"line":88},"10":{"name":"(anonymous_10)","decl":{"start":{"line":99,"column":30},"end":{"line":99,"column":31}},"loc":{"start":{"line":100,"column":20},"end":{"line":109,"column":26}},"line":100},"11":{"name":"(anonymous_11)","decl":{"start":{"line":127,"column":30},"end":{"line":127,"column":31}},"loc":{"start":{"line":127,"column":37},"end":{"line":127,"column":61}},"line":127},"12":{"name":"(anonymous_12)","decl":{"start":{"line":128,"column":31},"end":{"line":128,"column":32}},"loc":{"start":{"line":128,"column":38},"end":{"line":133,"column":21}},"line":128}},"branchMap":{"0":{"loc":{"start":{"line":14,"column":24},"end":{"line":14,"column":44}},"type":"binary-expr","locations":[{"start":{"line":14,"column":24},"end":{"line":14,"column":38}},{"start":{"line":14,"column":42},"end":{"line":14,"column":44}}],"line":14},"1":{"loc":{"start":{"line":20,"column":15},"end":{"line":20,"column":124}},"type":"cond-expr","locations":[{"start":{"line":20,"column":23},"end":{"line":20,"column":40}},{"start":{"line":20,"column":44},"end":{"line":20,"column":123}}],"line":20},"2":{"loc":{"start":{"line":20,"column":44},"end":{"line":20,"column":123}},"type":"binary-expr","locations":[{"start":{"line":20,"column":44},"end":{"line":20,"column":61}},{"start":{"line":20,"column":65},"end":{"line":20,"column":123}}],"line":20},"3":{"loc":{"start":{"line":38,"column":8},"end":{"line":38,"column":34}},"type":"if","locations":[{"start":{"line":38,"column":8},"end":{"line":38,"column":34}},{"start":{},"end":{}}],"line":38},"4":{"loc":{"start":{"line":49,"column":12},"end":{"line":52,"column":13}},"type":"if","locations":[{"start":{"line":49,"column":12},"end":{"line":52,"column":13}},{"start":{},"end":{}}],"line":49},"5":{"loc":{"start":{"line":69,"column":8},"end":{"line":69,"column":33}},"type":"if","locations":[{"start":{"line":69,"column":8},"end":{"line":69,"column":33}},{"start":{},"end":{}}],"line":69},"6":{"loc":{"start":{"line":89,"column":8},"end":{"line":89,"column":41}},"type":"if","locations":[{"start":{"line":89,"column":8},"end":{"line":89,"column":41}},{"start":{},"end":{}}],"line":89},"7":{"loc":{"start":{"line":90,"column":15},"end":{"line":90,"column":63}},"type":"cond-expr","locations":[{"start":{"line":90,"column":30},"end":{"line":90,"column":45}},{"start":{"line":90,"column":48},"end":{"line":90,"column":63}}],"line":90},"8":{"loc":{"start":{"line":102,"column":51},"end":{"line":102,"column":87}},"type":"cond-expr","locations":[{"start":{"line":102,"column":68},"end":{"line":102,"column":76}},{"start":{"line":102,"column":79},"end":{"line":102,"column":87}}],"line":102},"9":{"loc":{"start":{"line":111,"column":17},"end":{"line":116,"column":17}},"type":"binary-expr","locations":[{"start":{"line":111,"column":17},"end":{"line":111,"column":23}},{"start":{"line":112,"column":20},"end":{"line":115,"column":26}}],"line":111},"10":{"loc":{"start":{"line":121,"column":25},"end":{"line":121,"column":51}},"type":"binary-expr","locations":[{"start":{"line":121,"column":25},"end":{"line":121,"column":42}},{"start":{"line":121,"column":46},"end":{"line":121,"column":51}}],"line":121},"11":{"loc":{"start":{"line":129,"column":24},"end":{"line":132,"column":25}},"type":"if","locations":[{"start":{"line":129,"column":24},"end":{"line":132,"column":25}},{"start":{},"end":{}}],"line":129},"12":{"loc":{"start":{"line":129,"column":28},"end":{"line":129,"column":60}},"type":"binary-expr","locations":[{"start":{"line":129,"column":28},"end":{"line":129,"column":45}},{"start":{"line":129,"column":49},"end":{"line":129,"column":60}}],"line":129},"13":{"loc":{"start":{"line":138,"column":55},"end":{"line":138,"column":79}},"type":"binary-expr","locations":[{"start":{"line":138,"column":55},"end":{"line":138,"column":62}},{"start":{"line":138,"column":66},"end":{"line":138,"column":79}}],"line":138},"14":{"loc":{"start":{"line":146,"column":21},"end":{"line":146,"column":77}},"type":"cond-expr","locations":[{"start":{"line":146,"column":39},"end":{"line":146,"column":60}},{"start":{"line":146,"column":63},"end":{"line":146,"column":77}}],"line":146},"15":{"loc":{"start":{"line":151,"column":13},"end":{"line":163,"column":13}},"type":"binary-expr","locations":[{"start":{"line":151,"column":13},"end":{"line":151,"column":21}},{"start":{"line":152,"column":16},"end":{"line":162,"column":22}}],"line":151},"16":{"loc":{"start":{"line":154,"column":21},"end":{"line":161,"column":21}},"type":"cond-expr","locations":[{"start":{"line":155,"column":24},"end":{"line":155,"column":47}},{"start":{"line":157,"column":24},"end":{"line":160,"column":27}}],"line":154}},"s":{"0":0,"1":0,"2":0,"3":0,"4":0,"5":0,"6":0,"7":0,"8":0,"9":0,"10":0,"11":0,"12":0,"13":0,"14":0,"15":0,"16":0,"17":0,"18":0,"19":0,"20":0,"21":0,"22":0,"23":0,"24":0,"25":0,"26":0,"27":0,"28":0,"29":0,"30":0,"31":0,"32":0,"33":0,"34":0,"35":0,"36":0,"37":0,"38":0,"39":0,"40":0,"41":0,"42":0,"43":0,"44":0,"45":0,"46":0,"47":0,"48":0,"49":0,"50":0,"51":0,"52":0,"53":0,"54":0,"55":0,"56":0,"57":0,"58":0,"59":0,"60":0,"61":0},"f":{"0":0,"1":0,"2":0,"3":0,"4":0,"5":0,"6":0,"7":0,"8":0,"9":0,"10":0,"11":0,"12":0},"b":{"0":[0,0],"1":[0,0],"2":[0,0],"3":[0,0],"4":[0,0],"5":[0,0],"6":[0,0],"7":[0,0],"8":[0,0],"9":[0,0],"10":[0,0],"11":[0,0],"12":[0,0],"13":[0,0],"14":[0,0],"15":[0,0],"16":[0,0]},"_coverageSchema":"1a1c01bbd47fc00a2c39e90264f33305004495a9","hash":"ef29dcfcd0a4c553219e062039acd5f346c3a070"}
,"C:\\Users\\Eli\\Desktop\\Ester_Studies\\butkemp\\ai-final-project\\client\\src\\pages\\TrueFalseQuizPage.jsx": {"path":"C:\\Users\\Eli\\Desktop\\Ester_Studies\\butkemp\\ai-final-project\\client\\src\\pages\\TrueFalseQuizPage.jsx","statementMap":{"0":{"start":{"line":9,"column":19},"end":{"line":9,"column":32}},"1":{"start":{"line":10,"column":19},"end":{"line":10,"column":32}},"2":{"start":{"line":11,"column":19},"end":{"line":11,"column":43}},"3":{"start":{"line":13,"column":32},"end":{"line":13,"column":44}},"4":{"start":{"line":14,"column":36},"end":{"line":14,"column":51}},"5":{"start":{"line":15,"column":28},"end":{"line":15,"column":39}},"6":{"start":{"line":16,"column":32},"end":{"line":16,"column":44}},"7":{"start":{"line":18,"column":2},"end":{"line":25,"column":3}},"8":{"start":{"line":19,"column":4},"end":{"line":24,"column":6}},"9":{"start":{"line":22,"column":31},"end":{"line":22,"column":44}},"10":{"start":{"line":27,"column":23},"end":{"line":29,"column":3}},"11":{"start":{"line":28,"column":4},"end":{"line":28,"column":61}},"12":{"start":{"line":28,"column":26},"end":{"line":28,"column":58}},"13":{"start":{"line":31,"column":23},"end":{"line":38,"column":3}},"14":{"start":{"line":32,"column":26},"end":{"line":32,"column":27}},"15":{"start":{"line":33,"column":4},"end":{"line":35,"column":7}},"16":{"start":{"line":34,"column":6},"end":{"line":34,"column":64}},"17":{"start":{"line":34,"column":46},"end":{"line":34,"column":64}},"18":{"start":{"line":36,"column":4},"end":{"line":36,"column":30}},"19":{"start":{"line":37,"column":4},"end":{"line":37,"column":23}},"20":{"start":{"line":40,"column":28},"end":{"line":47,"column":3}},"21":{"start":{"line":41,"column":4},"end":{"line":44,"column":5}},"22":{"start":{"line":42,"column":6},"end":{"line":42,"column":47}},"23":{"start":{"line":43,"column":6},"end":{"line":43,"column":13}},"24":{"start":{"line":45,"column":4},"end":{"line":45,"column":19}},"25":{"start":{"line":46,"column":4},"end":{"line":46,"column":19}},"26":{"start":{"line":49,"column":2},"end":{"line":103,"column":4}},"27":{"start":{"line":55,"column":28},"end":{"line":55,"column":43}},"28":{"start":{"line":56,"column":8},"end":{"line":61,"column":9}},"29":{"start":{"line":57,"column":10},"end":{"line":60,"column":29}},"30":{"start":{"line":63,"column":8},"end":{"line":87,"column":10}},"31":{"start":{"line":72,"column":35},"end":{"line":72,"column":62}},"32":{"start":{"line":74,"column":16},"end":{"line":83,"column":18}},"33":{"start":{"line":77,"column":35},"end":{"line":77,"column":64}},"34":{"start":{"line":99,"column":33},"end":{"line":99,"column":46}}},"fnMap":{"0":{"name":"TrueFalseQuizPage","decl":{"start":{"line":8,"column":24},"end":{"line":8,"column":41}},"loc":{"start":{"line":8,"column":44},"end":{"line":104,"column":1}},"line":8},"1":{"name":"(anonymous_1)","decl":{"start":{"line":22,"column":25},"end":{"line":22,"column":26}},"loc":{"start":{"line":22,"column":31},"end":{"line":22,"column":44}},"line":22},"2":{"name":"(anonymous_2)","decl":{"start":{"line":27,"column":23},"end":{"line":27,"column":24}},"loc":{"start":{"line":27,"column":46},"end":{"line":29,"column":3}},"line":27},"3":{"name":"(anonymous_3)","decl":{"start":{"line":28,"column":15},"end":{"line":28,"column":16}},"loc":{"start":{"line":28,"column":26},"end":{"line":28,"column":58}},"line":28},"4":{"name":"(anonymous_4)","decl":{"start":{"line":31,"column":23},"end":{"line":31,"column":24}},"loc":{"start":{"line":31,"column":29},"end":{"line":38,"column":3}},"line":31},"5":{"name":"(anonymous_5)","decl":{"start":{"line":33,"column":36},"end":{"line":33,"column":37}},"loc":{"start":{"line":33,"column":43},"end":{"line":35,"column":5}},"line":33},"6":{"name":"(anonymous_6)","decl":{"start":{"line":40,"column":28},"end":{"line":40,"column":29}},"loc":{"start":{"line":40,"column":34},"end":{"line":47,"column":3}},"line":40},"7":{"name":"(anonymous_7)","decl":{"start":{"line":54,"column":35},"end":{"line":54,"column":36}},"loc":{"start":{"line":54,"column":42},"end":{"line":88,"column":7}},"line":54},"8":{"name":"(anonymous_8)","decl":{"start":{"line":71,"column":20},"end":{"line":71,"column":21}},"loc":{"start":{"line":71,"column":29},"end":{"line":84,"column":15}},"line":71},"9":{"name":"(anonymous_9)","decl":{"start":{"line":77,"column":29},"end":{"line":77,"column":30}},"loc":{"start":{"line":77,"column":35},"end":{"line":77,"column":64}},"line":77},"10":{"name":"(anonymous_10)","decl":{"start":{"line":99,"column":27},"end":{"line":99,"column":28}},"loc":{"start":{"line":99,"column":33},"end":{"line":99,"column":46}},"line":99}},"branchMap":{"0":{"loc":{"start":{"line":18,"column":2},"end":{"line":25,"column":3}},"type":"if","locations":[{"start":{"line":18,"column":2},"end":{"line":25,"column":3}},{"start":{},"end":{}}],"line":18},"1":{"loc":{"start":{"line":34,"column":6},"end":{"line":34,"column":64}},"type":"if","locations":[{"start":{"line":34,"column":6},"end":{"line":34,"column":64}},{"start":{},"end":{}}],"line":34},"2":{"loc":{"start":{"line":41,"column":4},"end":{"line":44,"column":5}},"type":"if","locations":[{"start":{"line":41,"column":4},"end":{"line":44,"column":5}},{"start":{},"end":{}}],"line":41},"3":{"loc":{"start":{"line":56,"column":8},"end":{"line":61,"column":9}},"type":"if","locations":[{"start":{"line":56,"column":8},"end":{"line":61,"column":9}},{"start":{},"end":{}}],"line":56},"4":{"loc":{"start":{"line":58,"column":12},"end":{"line":60,"column":28}},"type":"cond-expr","locations":[{"start":{"line":59,"column":16},"end":{"line":59,"column":26}},{"start":{"line":60,"column":16},"end":{"line":60,"column":28}}],"line":58},"5":{"loc":{"start":{"line":79,"column":45},"end":{"line":79,"column":73}},"type":"cond-expr","locations":[{"start":{"line":79,"column":58},"end":{"line":79,"column":68}},{"start":{"line":79,"column":71},"end":{"line":79,"column":73}}],"line":79},"6":{"loc":{"start":{"line":90,"column":7},"end":{"line":90,"column":63}},"type":"binary-expr","locations":[{"start":{"line":90,"column":7},"end":{"line":90,"column":14}},{"start":{"line":90,"column":18},"end":{"line":90,"column":63}}],"line":90},"7":{"loc":{"start":{"line":92,"column":7},"end":{"line":101,"column":7}},"type":"cond-expr","locations":[{"start":{"line":93,"column":8},"end":{"line":93,"column":64}},{"start":{"line":95,"column":8},"end":{"line":100,"column":14}}],"line":92}},"s":{"0":16,"1":16,"2":16,"3":16,"4":16,"5":16,"6":16,"7":16,"8":1,"9":1,"10":15,"11":6,"12":6,"13":15,"14":3,"15":3,"16":6,"17":5,"18":3,"19":3,"20":15,"21":4,"22":1,"23":1,"24":3,"25":3,"26":15,"27":30,"28":30,"29":6,"30":30,"31":60,"32":60,"33":6,"34":1},"f":{"0":16,"1":1,"2":6,"3":6,"4":3,"5":6,"6":4,"7":30,"8":60,"9":6,"10":1},"b":{"0":[1,15],"1":[5,1],"2":[1,3],"3":[6,24],"4":[5,1],"5":[15,45],"6":[15,1],"7":[12,3]},"_coverageSchema":"1a1c01bbd47fc00a2c39e90264f33305004495a9","hash":"ae68015f173c799fc66b3c447e4dd339f44a5e99"}
,"C:\\Users\\Eli\\Desktop\\Ester_Studies\\butkemp\\ai-final-project\\client\\src\\services\\studyApi.js": {"path":"C:\\Users\\Eli\\Desktop\\Ester_Studies\\butkemp\\ai-final-project\\client\\src\\services\\studyApi.js","statementMap":{"0":{"start":{"line":4,"column":12},"end":{"line":6,"column":2}},"1":{"start":{"line":9,"column":27},"end":{"line":28,"column":1}},"2":{"start":{"line":10,"column":2},"end":{"line":10,"column":33}},"3":{"start":{"line":10,"column":21},"end":{"line":10,"column":33}},"4":{"start":{"line":12,"column":20},"end":{"line":15,"column":3}},"5":{"start":{"line":17,"column":19},"end":{"line":17,"column":34}},"6":{"start":{"line":18,"column":2},"end":{"line":18,"column":63}},"7":{"start":{"line":18,"column":17},"end":{"line":18,"column":63}},"8":{"start":{"line":20,"column":2},"end":{"line":27,"column":3}},"9":{"start":{"line":21,"column":21},"end":{"line":21,"column":55}},"10":{"start":{"line":22,"column":4},"end":{"line":22,"column":49}},"11":{"start":{"line":23,"column":4},"end":{"line":23,"column":16}},"12":{"start":{"line":25,"column":4},"end":{"line":25,"column":63}},"13":{"start":{"line":26,"column":4},"end":{"line":26,"column":14}},"14":{"start":{"line":31,"column":29},"end":{"line":41,"column":1}},"15":{"start":{"line":32,"column":2},"end":{"line":32,"column":33}},"16":{"start":{"line":32,"column":21},"end":{"line":32,"column":33}},"17":{"start":{"line":34,"column":2},"end":{"line":40,"column":3}},"18":{"start":{"line":35,"column":21},"end":{"line":35,"column":58}},"19":{"start":{"line":36,"column":4},"end":{"line":36,"column":16}},"20":{"start":{"line":38,"column":4},"end":{"line":38,"column":52}},"21":{"start":{"line":39,"column":4},"end":{"line":39,"column":14}},"22":{"start":{"line":44,"column":35},"end":{"line":54,"column":1}},"23":{"start":{"line":45,"column":2},"end":{"line":45,"column":50}},"24":{"start":{"line":45,"column":38},"end":{"line":45,"column":50}},"25":{"start":{"line":47,"column":2},"end":{"line":53,"column":3}},"26":{"start":{"line":48,"column":21},"end":{"line":48,"column":80}},"27":{"start":{"line":49,"column":4},"end":{"line":49,"column":16}},"28":{"start":{"line":51,"column":4},"end":{"line":51,"column":59}},"29":{"start":{"line":52,"column":4},"end":{"line":52,"column":14}},"30":{"start":{"line":56,"column":35},"end":{"line":65,"column":1}},"31":{"start":{"line":57,"column":2},"end":{"line":57,"column":30}},"32":{"start":{"line":57,"column":18},"end":{"line":57,"column":30}},"33":{"start":{"line":58,"column":2},"end":{"line":64,"column":3}},"34":{"start":{"line":59,"column":21},"end":{"line":59,"column":72}},"35":{"start":{"line":60,"column":4},"end":{"line":60,"column":16}},"36":{"start":{"line":62,"column":4},"end":{"line":62,"column":61}},"37":{"start":{"line":63,"column":4},"end":{"line":63,"column":14}}},"fnMap":{"0":{"name":"(anonymous_0)","decl":{"start":{"line":9,"column":27},"end":{"line":9,"column":28}},"loc":{"start":{"line":9,"column":69},"end":{"line":28,"column":1}},"line":9},"1":{"name":"(anonymous_1)","decl":{"start":{"line":31,"column":29},"end":{"line":31,"column":30}},"loc":{"start":{"line":31,"column":45},"end":{"line":41,"column":1}},"line":31},"2":{"name":"(anonymous_2)","decl":{"start":{"line":44,"column":35},"end":{"line":44,"column":36}},"loc":{"start":{"line":44,"column":65},"end":{"line":54,"column":1}},"line":44},"3":{"name":"(anonymous_3)","decl":{"start":{"line":56,"column":35},"end":{"line":56,"column":36}},"loc":{"start":{"line":56,"column":56},"end":{"line":65,"column":1}},"line":56}},"branchMap":{"0":{"loc":{"start":{"line":9,"column":40},"end":{"line":9,"column":64}},"type":"default-arg","locations":[{"start":{"line":9,"column":47},"end":{"line":9,"column":64}}],"line":9},"1":{"loc":{"start":{"line":10,"column":2},"end":{"line":10,"column":33}},"type":"if","locations":[{"start":{"line":10,"column":2},"end":{"line":10,"column":33}},{"start":{},"end":{}}],"line":10},"2":{"loc":{"start":{"line":18,"column":2},"end":{"line":18,"column":63}},"type":"if","locations":[{"start":{"line":18,"column":2},"end":{"line":18,"column":63}},{"start":{},"end":{}}],"line":18},"3":{"loc":{"start":{"line":32,"column":2},"end":{"line":32,"column":33}},"type":"if","locations":[{"start":{"line":32,"column":2},"end":{"line":32,"column":33}},{"start":{},"end":{}}],"line":32},"4":{"loc":{"start":{"line":45,"column":2},"end":{"line":45,"column":50}},"type":"if","locations":[{"start":{"line":45,"column":2},"end":{"line":45,"column":50}},{"start":{},"end":{}}],"line":45},"5":{"loc":{"start":{"line":45,"column":6},"end":{"line":45,"column":36}},"type":"binary-expr","locations":[{"start":{"line":45,"column":6},"end":{"line":45,"column":16}},{"start":{"line":45,"column":20},"end":{"line":45,"column":36}}],"line":45},"6":{"loc":{"start":{"line":57,"column":2},"end":{"line":57,"column":30}},"type":"if","locations":[{"start":{"line":57,"column":2},"end":{"line":57,"column":30}},{"start":{},"end":{}}],"line":57}},"s":{"0":1,"1":1,"2":0,"3":0,"4":0,"5":0,"6":0,"7":0,"8":0,"9":0,"10":0,"11":0,"12":0,"13":0,"14":1,"15":0,"16":0,"17":0,"18":0,"19":0,"20":0,"21":0,"22":1,"23":0,"24":0,"25":0,"26":0,"27":0,"28":0,"29":0,"30":1,"31":0,"32":0,"33":0,"34":0,"35":0,"36":0,"37":0},"f":{"0":0,"1":0,"2":0,"3":0},"b":{"0":[0],"1":[0,0],"2":[0,0],"3":[0,0],"4":[0,0],"5":[0,0],"6":[0,0]},"_coverageSchema":"1a1c01bbd47fc00a2c39e90264f33305004495a9","hash":"61209be3e9c2553fff44d51c230c3d60f13801d1"}
}
