TN:
SF:src\App.jsx
FN:8,App
FNF:1
FNH:0
FNDA:0,App
DA:9,0
LF:1
LH:0
BRF:0
BRH:0
end_of_record
TN:
SF:src\main.jsx
FNF:0
FNH:0
DA:6,0
LF:1
LH:0
BRF:0
BRH:0
end_of_record
TN:
SF:src\components\Button.jsx
FN:1,Button
FNF:1
FNH:0
FNDA:0,Button
DA:2,0
LF:1
LH:0
BRF:0
BRH:0
end_of_record
TN:
SF:src\components\Card.jsx
FN:1,Card
FNF:1
FNH:0
FNDA:0,Card
DA:2,0
LF:1
LH:0
BRF:0
BRH:0
end_of_record
TN:
SF:src\components\Header.jsx
FN:1,Header
FNF:1
FNH:0
FNDA:0,Header
DA:2,0
LF:1
LH:0
BRF:0
BRH:0
end_of_record
TN:
SF:src\components\Loader.jsx
FN:2,Loader
FNF:1
FNH:0
FNDA:0,Loader
DA:3,0
LF:1
LH:0
BRF:0
BRH:0
end_of_record
TN:
SF:src\components\PageContainer.jsx
FN:2,PageContainer
FNF:1
FNH:0
FNDA:0,PageContainer
DA:3,0
LF:1
LH:0
BRF:0
BRH:0
end_of_record
TN:
SF:src\components\Question.jsx
FN:1,Question
FN:8,(anonymous_1)
FN:15,(anonymous_2)
FNF:3
FNH:0
FNDA:0,Question
FNDA:0,(anonymous_1)
FNDA:0,(anonymous_2)
DA:2,0
DA:4,0
DA:9,0
DA:15,0
LF:4
LH:0
BRDA:2,0,0,0
BRDA:2,0,1,0
BRF:2
BRH:0
end_of_record
TN:
SF:src\components\QuizList.jsx
FN:3,QuizList
FN:4,(anonymous_1)
FNF:2
FNH:0
FNDA:0,QuizList
FNDA:0,(anonymous_1)
DA:4,0
DA:5,0
LF:2
LH:0
BRF:0
BRH:0
end_of_record
TN:
SF:src\components\QuizProgress.jsx
FN:1,QuizProgress
FNF:1
FNH:0
FNDA:0,QuizProgress
DA:2,0
LF:1
LH:0
BRF:0
BRH:0
end_of_record
TN:
SF:src\components\QuizQuestion.jsx
FN:1,QuizQuestion
FN:6,(anonymous_1)
FN:11,(anonymous_2)
FNF:3
FNH:0
FNDA:0,QuizQuestion
FNDA:0,(anonymous_1)
FNDA:0,(anonymous_2)
DA:2,0
DA:7,0
DA:11,0
LF:3
LH:0
BRF:0
BRH:0
end_of_record
TN:
SF:src\components\QuizResult.jsx
FN:1,QuizResult
FN:6,(anonymous_1)
FNF:2
FNH:0
FNDA:0,QuizResult
FNDA:0,(anonymous_1)
DA:2,0
DA:7,0
LF:2
LH:0
BRDA:7,0,0,0
BRDA:7,0,1,0
BRDA:8,1,0,0
BRDA:8,1,1,0
BRF:4
BRH:0
end_of_record
TN:
SF:src\components\Textarea.jsx
FN:2,Textarea
FN:6,(anonymous_1)
FNF:2
FNH:0
FNDA:0,Textarea
FNDA:0,(anonymous_1)
DA:3,0
DA:6,0
LF:2
LH:0
BRF:0
BRH:0
end_of_record
TN:
SF:src\pages\HomePage.jsx
FN:10,HomePage
FN:11,(anonymous_1)
FN:17,(anonymous_2)
FN:24,(anonymous_3)
FN:48,(anonymous_4)
FN:68,(anonymous_5)
FN:90,(anonymous_6)
FN:93,(anonymous_7)
FNF:8
FNH:7
FNDA:18,HomePage
FNDA:7,(anonymous_1)
FNDA:3,(anonymous_2)
FNDA:3,(anonymous_3)
FNDA:1,(anonymous_4)
FNDA:1,(anonymous_5)
FNDA:3,(anonymous_6)
FNDA:0,(anonymous_7)
DA:11,18
DA:12,18
DA:13,18
DA:14,18
DA:17,18
DA:18,3
DA:19,3
DA:20,3
DA:24,18
DA:25,3
DA:26,1
DA:27,1
DA:30,2
DA:31,2
DA:32,2
DA:33,2
DA:35,1
DA:36,1
DA:37,0
DA:38,0
DA:41,1
DA:42,1
DA:44,2
DA:48,18
DA:49,1
DA:50,0
DA:51,0
DA:54,1
DA:55,1
DA:56,1
DA:57,1
DA:58,1
DA:60,0
DA:61,0
DA:63,1
DA:68,18
DA:69,1
DA:70,1
DA:73,18
DA:90,3
DA:93,0
LF:41
LH:34
BRDA:11,0,0,7
BRDA:11,0,1,5
BRDA:25,1,0,1
BRDA:25,1,1,2
BRDA:35,2,0,1
BRDA:35,2,1,0
BRDA:37,3,0,0
BRDA:37,3,1,0
BRDA:49,4,0,0
BRDA:49,4,1,1
BRDA:78,5,0,11
BRDA:78,5,1,7
BRDA:101,6,0,3
BRDA:101,6,1,15
BRDA:103,7,0,2
BRDA:103,7,1,13
BRF:16
BRH:12
end_of_record
TN:
SF:src\pages\QuizPage.jsx
FN:7,QuizPage
FN:21,(anonymous_1)
FN:26,(anonymous_2)
FN:29,(anonymous_3)
FN:39,(anonymous_4)
FN:41,(anonymous_5)
FN:58,(anonymous_6)
FN:72,(anonymous_7)
FN:87,(anonymous_8)
FN:88,(anonymous_9)
FN:110,(anonymous_10)
FNF:11
FNH:11
FNDA:16,QuizPage
FNDA:1,(anonymous_1)
FNDA:3,(anonymous_2)
FNDA:6,(anonymous_3)
FNDA:4,(anonymous_4)
FNDA:7,(anonymous_5)
FNDA:30,(anonymous_6)
FNDA:90,(anonymous_7)
FNDA:6,(anonymous_8)
FNDA:6,(anonymous_9)
FNDA:1,(anonymous_10)
DA:8,16
DA:9,16
DA:10,16
DA:12,16
DA:13,16
DA:14,16
DA:15,16
DA:17,16
DA:18,1
DA:21,1
DA:26,15
DA:27,3
DA:29,3
DA:30,6
DA:31,5
DA:35,3
DA:36,3
DA:39,15
DA:40,4
DA:41,7
DA:44,4
DA:45,1
DA:46,1
DA:49,3
DA:50,3
DA:53,15
DA:59,30
DA:60,30
DA:61,6
DA:67,30
DA:73,90
DA:75,90
DA:76,18
DA:77,12
DA:80,90
DA:88,6
DA:110,1
LF:37
LH:37
BRDA:17,0,0,1
BRDA:17,0,1,15
BRDA:30,1,0,5
BRDA:30,1,1,1
BRDA:44,2,0,1
BRDA:44,2,1,3
BRDA:60,3,0,6
BRDA:60,3,1,24
BRDA:62,4,0,5
BRDA:62,4,1,1
BRDA:75,5,0,18
BRDA:75,5,1,72
BRDA:76,6,0,6
BRDA:76,6,1,12
BRDA:77,7,0,1
BRDA:77,7,1,11
BRDA:101,8,0,15
BRDA:101,8,1,1
BRDA:103,9,0,12
BRDA:103,9,1,3
BRF:20
BRH:20
end_of_record
TN:
SF:src\pages\ResultPage.jsx
FN:3,ResultPage
FNF:1
FNH:0
FNDA:0,ResultPage
DA:4,0
DA:6,0
LF:2
LH:0
BRF:0
BRH:0
end_of_record
TN:
SF:src\pages\RolePlayPage.jsx
FN:11,RolePlayPage
FN:18,(anonymous_1)
FN:32,(anonymous_2)
FN:37,(anonymous_3)
FN:44,(anonymous_4)
FN:54,(anonymous_5)
FN:63,(anonymous_6)
FN:68,(anonymous_7)
FN:82,(anonymous_8)
FN:88,(anonymous_9)
FN:99,(anonymous_10)
FN:127,(anonymous_11)
FN:128,(anonymous_12)
FNF:13
FNH:0
FNDA:0,RolePlayPage
FNDA:0,(anonymous_1)
FNDA:0,(anonymous_2)
FNDA:0,(anonymous_3)
FNDA:0,(anonymous_4)
FNDA:0,(anonymous_5)
FNDA:0,(anonymous_6)
FNDA:0,(anonymous_7)
FNDA:0,(anonymous_8)
FNDA:0,(anonymous_9)
FNDA:0,(anonymous_10)
FNDA:0,(anonymous_11)
FNDA:0,(anonymous_12)
DA:12,0
DA:13,0
DA:14,0
DA:16,0
DA:18,0
DA:19,0
DA:20,0
DA:23,0
DA:24,0
DA:25,0
DA:26,0
DA:27,0
DA:29,0
DA:32,0
DA:33,0
DA:34,0
DA:37,0
DA:38,0
DA:39,0
DA:40,0
DA:42,0
DA:43,0
DA:44,0
DA:45,0
DA:47,0
DA:49,0
DA:50,0
DA:51,0
DA:54,0
DA:56,0
DA:58,0
DA:59,0
DA:63,0
DA:64,0
DA:65,0
DA:68,0
DA:69,0
DA:70,0
DA:71,0
DA:72,0
DA:73,0
DA:75,0
DA:76,0
DA:78,0
DA:82,0
DA:83,0
DA:84,0
DA:85,0
DA:88,0
DA:89,0
DA:90,0
DA:93,0
DA:100,0
DA:127,0
DA:129,0
DA:130,0
DA:131,0
LF:57
LH:0
BRDA:14,0,0,0
BRDA:14,0,1,0
BRDA:20,1,0,0
BRDA:20,1,1,0
BRDA:20,2,0,0
BRDA:20,2,1,0
BRDA:38,3,0,0
BRDA:38,3,1,0
BRDA:49,4,0,0
BRDA:49,4,1,0
BRDA:69,5,0,0
BRDA:69,5,1,0
BRDA:89,6,0,0
BRDA:89,6,1,0
BRDA:90,7,0,0
BRDA:90,7,1,0
BRDA:102,8,0,0
BRDA:102,8,1,0
BRDA:111,9,0,0
BRDA:111,9,1,0
BRDA:121,10,0,0
BRDA:121,10,1,0
BRDA:129,11,0,0
BRDA:129,11,1,0
BRDA:129,12,0,0
BRDA:129,12,1,0
BRDA:138,13,0,0
BRDA:138,13,1,0
BRDA:146,14,0,0
BRDA:146,14,1,0
BRDA:151,15,0,0
BRDA:151,15,1,0
BRDA:154,16,0,0
BRDA:154,16,1,0
BRF:34
BRH:0
end_of_record
TN:
SF:src\pages\TrueFalseQuizPage.jsx
FN:8,TrueFalseQuizPage
FN:22,(anonymous_1)
FN:27,(anonymous_2)
FN:28,(anonymous_3)
FN:31,(anonymous_4)
FN:33,(anonymous_5)
FN:40,(anonymous_6)
FN:54,(anonymous_7)
FN:71,(anonymous_8)
FN:77,(anonymous_9)
FN:99,(anonymous_10)
FNF:11
FNH:11
FNDA:16,TrueFalseQuizPage
FNDA:1,(anonymous_1)
FNDA:6,(anonymous_2)
FNDA:6,(anonymous_3)
FNDA:3,(anonymous_4)
FNDA:6,(anonymous_5)
FNDA:4,(anonymous_6)
FNDA:30,(anonymous_7)
FNDA:60,(anonymous_8)
FNDA:6,(anonymous_9)
FNDA:1,(anonymous_10)
DA:9,16
DA:10,16
DA:11,16
DA:13,16
DA:14,16
DA:15,16
DA:16,16
DA:18,16
DA:19,1
DA:22,1
DA:27,15
DA:28,6
DA:31,15
DA:32,3
DA:33,3
DA:34,6
DA:36,3
DA:37,3
DA:40,15
DA:41,4
DA:42,1
DA:43,1
DA:45,3
DA:46,3
DA:49,15
DA:55,30
DA:56,30
DA:57,6
DA:63,30
DA:72,60
DA:74,60
DA:77,6
DA:99,1
LF:33
LH:33
BRDA:18,0,0,1
BRDA:18,0,1,15
BRDA:34,1,0,5
BRDA:34,1,1,1
BRDA:41,2,0,1
BRDA:41,2,1,3
BRDA:56,3,0,6
BRDA:56,3,1,24
BRDA:58,4,0,5
BRDA:58,4,1,1
BRDA:79,5,0,15
BRDA:79,5,1,45
BRDA:90,6,0,15
BRDA:90,6,1,1
BRDA:92,7,0,12
BRDA:92,7,1,3
BRF:16
BRH:16
end_of_record
TN:
SF:src\services\studyApi.js
FN:9,(anonymous_0)
FN:31,(anonymous_1)
FN:44,(anonymous_2)
FN:56,(anonymous_3)
FNF:4
FNH:0
FNDA:0,(anonymous_0)
FNDA:0,(anonymous_1)
FNDA:0,(anonymous_2)
FNDA:0,(anonymous_3)
DA:4,1
DA:9,1
DA:10,0
DA:12,0
DA:17,0
DA:18,0
DA:20,0
DA:21,0
DA:22,0
DA:23,0
DA:25,0
DA:26,0
DA:31,1
DA:32,0
DA:34,0
DA:35,0
DA:36,0
DA:38,0
DA:39,0
DA:44,1
DA:45,0
DA:47,0
DA:48,0
DA:49,0
DA:51,0
DA:52,0
DA:56,1
DA:57,0
DA:58,0
DA:59,0
DA:60,0
DA:62,0
DA:63,0
LF:33
LH:5
BRDA:9,0,0,0
BRDA:10,1,0,0
BRDA:10,1,1,0
BRDA:18,2,0,0
BRDA:18,2,1,0
BRDA:32,3,0,0
BRDA:32,3,1,0
BRDA:45,4,0,0
BRDA:45,4,1,0
BRDA:45,5,0,0
BRDA:45,5,1,0
BRDA:57,6,0,0
BRDA:57,6,1,0
BRF:13
BRH:0
end_of_record
